2015-04-24T14:22:59+00:00 ERR (3): 
SoapFault exception: [HTTP] Could not connect to host in /Applications/mampstack-5.4.38-0/apache2/htdocs/mg19/app/code/core/Mage/Usa/Model/Shipping/Carrier/Fedex.php:410
Stack trace:
#0 [internal function]: SoapClient->__doRequest('<?xml version="...', 'https://wsbeta....', 'getRates', 1, 0)
#1 /Applications/mampstack-5.4.38-0/apache2/htdocs/mg19/app/code/core/Mage/Usa/Model/Shipping/Carrier/Fedex.php(410): SoapClient->__call('getRates', Array)
#2 /Applications/mampstack-5.4.38-0/apache2/htdocs/mg19/app/code/core/Mage/Usa/Model/Shipping/Carrier/Fedex.php(410): SoapClient->getRates(Array)
#3 /Applications/mampstack-5.4.38-0/apache2/htdocs/mg19/app/code/core/Mage/Usa/Model/Shipping/Carrier/Fedex.php(443): Mage_Usa_Model_Shipping_Carrier_Fedex->_doRatesRequest('general')
#4 /Applications/mampstack-5.4.38-0/apache2/htdocs/mg19/app/code/core/Mage/Usa/Model/Shipping/Carrier/Fedex.php(186): Mage_Usa_Model_Shipping_Carrier_Fedex->_getQuotes()
#5 /Applications/mampstack-5.4.38-0/apache2/htdocs/mg19/app/code/core/Mage/Shipping/Model/Shipping.php(209): Mage_Usa_Model_Shipping_Carrier_Fedex->collectRates(Object(Mage_Shipping_Model_Rate_Request))
#6 /Applications/mampstack-5.4.38-0/apache2/htdocs/mg19/app/code/core/Mage/Shipping/Model/Shipping.php(129): Mage_Shipping_Model_Shipping->collectCarrierRates('fedex', Object(Mage_Shipping_Model_Rate_Request))
#7 /Applications/mampstack-5.4.38-0/apache2/htdocs/mg19/app/code/core/Mage/Sales/Model/Quote/Address.php(944): Mage_Shipping_Model_Shipping->collectRates(Object(Mage_Shipping_Model_Rate_Request))
#8 /Applications/mampstack-5.4.38-0/apache2/htdocs/mg19/app/code/core/Mage/Sales/Model/Quote/Address.php(875): Mage_Sales_Model_Quote_Address->requestShippingRates()
#9 /Applications/mampstack-5.4.38-0/apache2/htdocs/mg19/app/code/core/Mage/Sales/Model/Quote/Address/Total/Shipping.php(155): Mage_Sales_Model_Quote_Address->collectShippingRates()
#10 /Applications/mampstack-5.4.38-0/apache2/htdocs/mg19/app/code/core/Mage/Sales/Model/Quote/Address.php(1013): Mage_Sales_Model_Quote_Address_Total_Shipping->collect(Object(Mage_Sales_Model_Quote_Address))
#11 /Applications/mampstack-5.4.38-0/apache2/htdocs/mg19/app/code/core/Mage/Sales/Model/Quote.php(1331): Mage_Sales_Model_Quote_Address->collectTotals()
#12 /Applications/mampstack-5.4.38-0/apache2/htdocs/mg19/app/code/core/Mage/Checkout/Model/Cart.php(458): Mage_Sales_Model_Quote->collectTotals()
#13 /Applications/mampstack-5.4.38-0/apache2/htdocs/mg19/app/code/core/Mage/Checkout/controllers/CartController.php(144): Mage_Checkout_Model_Cart->save()
#14 /Applications/mampstack-5.4.38-0/apache2/htdocs/mg19/app/code/core/Mage/Core/Controller/Varien/Action.php(418): Mage_Checkout_CartController->indexAction()
#15 /Applications/mampstack-5.4.38-0/apache2/htdocs/mg19/app/code/core/Mage/Core/Controller/Varien/Router/Standard.php(250): Mage_Core_Controller_Varien_Action->dispatch('index')
#16 /Applications/mampstack-5.4.38-0/apache2/htdocs/mg19/app/code/core/Mage/Core/Controller/Varien/Front.php(172): Mage_Core_Controller_Varien_Router_Standard->match(Object(Mage_Core_Controller_Request_Http))
#17 /Applications/mampstack-5.4.38-0/apache2/htdocs/mg19/app/code/core/Mage/Core/Model/App.php(354): Mage_Core_Controller_Varien_Front->dispatch()
#18 /Applications/mampstack-5.4.38-0/apache2/htdocs/mg19/app/Mage.php(684): Mage_Core_Model_App->run(Array)
#19 /Applications/mampstack-5.4.38-0/apache2/htdocs/mg19/index.php(87): Mage::run('', 'store')
#20 {main}
2015-04-24T14:23:51+00:00 ERR (3): 
SoapFault exception: [HTTP] Could not connect to host in /Applications/mampstack-5.4.38-0/apache2/htdocs/mg19/app/code/core/Mage/Usa/Model/Shipping/Carrier/Fedex.php:410
Stack trace:
#0 [internal function]: SoapClient->__doRequest('<?xml version="...', 'https://wsbeta....', 'getRates', 1, 0)
#1 /Applications/mampstack-5.4.38-0/apache2/htdocs/mg19/app/code/core/Mage/Usa/Model/Shipping/Carrier/Fedex.php(410): SoapClient->__call('getRates', Array)
#2 /Applications/mampstack-5.4.38-0/apache2/htdocs/mg19/app/code/core/Mage/Usa/Model/Shipping/Carrier/Fedex.php(410): SoapClient->getRates(Array)
#3 /Applications/mampstack-5.4.38-0/apache2/htdocs/mg19/app/code/core/Mage/Usa/Model/Shipping/Carrier/Fedex.php(443): Mage_Usa_Model_Shipping_Carrier_Fedex->_doRatesRequest('general')
#4 /Applications/mampstack-5.4.38-0/apache2/htdocs/mg19/app/code/core/Mage/Usa/Model/Shipping/Carrier/Fedex.php(186): Mage_Usa_Model_Shipping_Carrier_Fedex->_getQuotes()
#5 /Applications/mampstack-5.4.38-0/apache2/htdocs/mg19/app/code/core/Mage/Shipping/Model/Shipping.php(209): Mage_Usa_Model_Shipping_Carrier_Fedex->collectRates(Object(Mage_Shipping_Model_Rate_Request))
#6 /Applications/mampstack-5.4.38-0/apache2/htdocs/mg19/app/code/core/Mage/Shipping/Model/Shipping.php(129): Mage_Shipping_Model_Shipping->collectCarrierRates('fedex', Object(Mage_Shipping_Model_Rate_Request))
#7 /Applications/mampstack-5.4.38-0/apache2/htdocs/mg19/app/code/core/Mage/Sales/Model/Quote/Address.php(944): Mage_Shipping_Model_Shipping->collectRates(Object(Mage_Shipping_Model_Rate_Request))
#8 /Applications/mampstack-5.4.38-0/apache2/htdocs/mg19/app/code/core/Mage/Sales/Model/Quote/Address.php(875): Mage_Sales_Model_Quote_Address->requestShippingRates()
#9 /Applications/mampstack-5.4.38-0/apache2/htdocs/mg19/app/code/core/Mage/Sales/Model/Quote/Address/Total/Shipping.php(155): Mage_Sales_Model_Quote_Address->collectShippingRates()
#10 /Applications/mampstack-5.4.38-0/apache2/htdocs/mg19/app/code/core/Mage/Sales/Model/Quote/Address.php(1013): Mage_Sales_Model_Quote_Address_Total_Shipping->collect(Object(Mage_Sales_Model_Quote_Address))
#11 /Applications/mampstack-5.4.38-0/apache2/htdocs/mg19/app/code/core/Mage/Sales/Model/Quote.php(1331): Mage_Sales_Model_Quote_Address->collectTotals()
#12 /Applications/mampstack-5.4.38-0/apache2/htdocs/mg19/app/code/core/Mage/Checkout/Model/Cart.php(458): Mage_Sales_Model_Quote->collectTotals()
#13 /Applications/mampstack-5.4.38-0/apache2/htdocs/mg19/app/code/core/Mage/Checkout/controllers/CartController.php(144): Mage_Checkout_Model_Cart->save()
#14 /Applications/mampstack-5.4.38-0/apache2/htdocs/mg19/app/code/core/Mage/Core/Controller/Varien/Action.php(418): Mage_Checkout_CartController->indexAction()
#15 /Applications/mampstack-5.4.38-0/apache2/htdocs/mg19/app/code/core/Mage/Core/Controller/Varien/Router/Standard.php(250): Mage_Core_Controller_Varien_Action->dispatch('index')
#16 /Applications/mampstack-5.4.38-0/apache2/htdocs/mg19/app/code/core/Mage/Core/Controller/Varien/Front.php(172): Mage_Core_Controller_Varien_Router_Standard->match(Object(Mage_Core_Controller_Request_Http))
#17 /Applications/mampstack-5.4.38-0/apache2/htdocs/mg19/app/code/core/Mage/Core/Model/App.php(354): Mage_Core_Controller_Varien_Front->dispatch()
#18 /Applications/mampstack-5.4.38-0/apache2/htdocs/mg19/app/Mage.php(684): Mage_Core_Model_App->run(Array)
#19 /Applications/mampstack-5.4.38-0/apache2/htdocs/mg19/index.php(87): Mage::run('', 'store')
#20 {main}
